  stdafx.cpp
  Texture_Manager.cpp
c1xx : fatal error C1083: 소스 파일을 열 수 없습니다. 'Texture_Manager.cpp': No such file or directory
  Texture.cpp
  Stage.cpp
c:\users\naturekim\desktop\cookierun\runningteamproject\running_game_teamproject\stage.cpp(4): fatal error C1083: 포함 파일을 열 수 없습니다. 'Texture_Manager.h': No such file or directory
  Single_Texture.cpp
  SceneMgr.cpp
  Scene.cpp
  Running_Game_TeamProject.cpp
  Player.cpp
c:\users\naturekim\desktop\cookierun\runningteamproject\running_game_teamproject\player.cpp(3): fatal error C1083: 포함 파일을 열 수 없습니다. 'Texture_Manager.h': No such file or directory
  Obj_Manager.cpp
  Obj.cpp
c:\users\naturekim\desktop\cookierun\runningteamproject\running_game_teamproject\obj.cpp(3): fatal error C1083: 포함 파일을 열 수 없습니다. 'Texture_Manager.h': No such file or directory
  Multi_Texture.cpp
  MainApp.cpp
c:\users\naturekim\desktop\cookierun\runningteamproject\running_game_teamproject\mainapp.cpp(7): fatal error C1083: 포함 파일을 열 수 없습니다. 'Texture_Manager.h': No such file or directory
  KeyMgr.cpp
  Item.cpp
c1xx : fatal error C1083: 소스 파일을 열 수 없습니다. 'Item.cpp': No such file or directory
  Graphic_Dev.cpp
  FieldHurdle.cpp
c1xx : fatal error C1083: 소스 파일을 열 수 없습니다. 'FieldHurdle.cpp': No such file or directory
  Collision_Manager.cpp
  코드를 생성하고 있습니다...
