c:\users\qaws1\desktop\runningteamproject\runningteamproject\running_game_teamproject\debug\running_game_teamproject.pch
c:\users\qaws1\desktop\runningteamproject\runningteamproject\running_game_teamproject\debug\vc140.pdb
c:\users\qaws1\desktop\runningteamproject\runningteamproject\running_game_teamproject\debug\vc140.idb
c:\users\qaws1\desktop\runningteamproject\runningteamproject\running_game_teamproject\debug\stdafx.obj
c:\users\qaws1\desktop\runningteamproject\runningteamproject\running_game_teamproject\debug\myedit.obj
c:\users\qaws1\desktop\runningteamproject\runningteamproject\running_game_teamproject\debug\obj_manager.obj
c:\users\qaws1\desktop\runningteamproject\runningteamproject\running_game_teamproject\debug\graphic_dev.obj
c:\users\qaws1\desktop\runningteamproject\runningteamproject\running_game_teamproject\debug\keymgr.obj
c:\users\qaws1\desktop\runningteamproject\runningteamproject\running_game_teamproject\debug\mainapp.obj
c:\users\qaws1\desktop\runningteamproject\runningteamproject\running_game_teamproject\debug\obj.obj
c:\users\qaws1\desktop\runningteamproject\runningteamproject\running_game_teamproject\debug\observer.obj
c:\users\qaws1\desktop\runningteamproject\runningteamproject\running_game_teamproject\debug\player.obj
c:\users\qaws1\desktop\runningteamproject\runningteamproject\running_game_teamproject\debug\playerobserver.obj
c:\users\qaws1\desktop\runningteamproject\runningteamproject\running_game_teamproject\debug\running_game_teamproject.obj
c:\users\qaws1\desktop\runningteamproject\runningteamproject\running_game_teamproject\debug\scene.obj
c:\users\qaws1\desktop\runningteamproject\runningteamproject\running_game_teamproject\debug\scenemgr.obj
c:\users\qaws1\desktop\runningteamproject\runningteamproject\running_game_teamproject\debug\scroll_manager.obj
c:\users\qaws1\desktop\runningteamproject\runningteamproject\running_game_teamproject\debug\single_texture.obj
c:\users\qaws1\desktop\runningteamproject\runningteamproject\running_game_teamproject\debug\stage.obj
c:\users\qaws1\desktop\runningteamproject\runningteamproject\running_game_teamproject\debug\subject.obj
c:\users\qaws1\desktop\runningteamproject\runningteamproject\running_game_teamproject\debug\terrain.obj
c:\users\qaws1\desktop\runningteamproject\runningteamproject\running_game_teamproject\debug\texture.obj
c:\users\qaws1\desktop\runningteamproject\runningteamproject\running_game_teamproject\debug\texture_manager.obj
c:\users\qaws1\desktop\runningteamproject\runningteamproject\running_game_teamproject\debug\coinscore.obj
c:\users\qaws1\desktop\runningteamproject\runningteamproject\running_game_teamproject\debug\collision_manager.obj
c:\users\qaws1\desktop\runningteamproject\runningteamproject\running_game_teamproject\debug\fieldhurdle.obj
c:\users\qaws1\desktop\runningteamproject\runningteamproject\running_game_teamproject\debug\healthbar.obj
c:\users\qaws1\desktop\runningteamproject\runningteamproject\running_game_teamproject\debug\healthicon.obj
c:\users\qaws1\desktop\runningteamproject\runningteamproject\running_game_teamproject\debug\item.obj
c:\users\qaws1\desktop\runningteamproject\runningteamproject\running_game_teamproject\debug\jellyscore.obj
c:\users\qaws1\desktop\runningteamproject\runningteamproject\running_game_teamproject\debug\line.obj
c:\users\qaws1\desktop\runningteamproject\runningteamproject\running_game_teamproject\debug\linemgr.obj
c:\users\qaws1\desktop\runningteamproject\runningteamproject\running_game_teamproject\debug\multi_texture.obj
c:\users\qaws1\desktop\runningteamproject\runningteamproject\running_game_teamproject\debug\mymenu.obj
c:\users\qaws1\desktop\runningteamproject\runningteamproject\debug\running_game_teamproject.ilk
c:\users\qaws1\desktop\runningteamproject\runningteamproject\debug\running_game_teamproject.exe
c:\users\qaws1\desktop\runningteamproject\runningteamproject\debug\running_game_teamproject.pdb
c:\users\qaws1\desktop\runningteamproject\runningteamproject\running_game_teamproject\debug\running_game_teamproject.res
c:\users\qaws1\desktop\runningteamproject\runningteamproject\running_game_teamproject\debug\running_.bef6049b.tlog\cl.command.1.tlog
c:\users\qaws1\desktop\runningteamproject\runningteamproject\running_game_teamproject\debug\running_.bef6049b.tlog\cl.read.1.tlog
c:\users\qaws1\desktop\runningteamproject\runningteamproject\running_game_teamproject\debug\running_.bef6049b.tlog\cl.write.1.tlog
c:\users\qaws1\desktop\runningteamproject\runningteamproject\running_game_teamproject\debug\running_.bef6049b.tlog\link.command.1.tlog
c:\users\qaws1\desktop\runningteamproject\runningteamproject\running_game_teamproject\debug\running_.bef6049b.tlog\link.read.1.tlog
c:\users\qaws1\desktop\runningteamproject\runningteamproject\running_game_teamproject\debug\running_.bef6049b.tlog\link.write.1.tlog
c:\users\qaws1\desktop\runningteamproject\runningteamproject\running_game_teamproject\debug\running_.bef6049b.tlog\rc.command.1.tlog
c:\users\qaws1\desktop\runningteamproject\runningteamproject\running_game_teamproject\debug\running_.bef6049b.tlog\rc.read.1.tlog
c:\users\qaws1\desktop\runningteamproject\runningteamproject\running_game_teamproject\debug\running_.bef6049b.tlog\rc.write.1.tlog
